# JRE version: OpenJDK Runtime Environment (8.0_152-b02) (build 1.8.0_152-release-1024-b02)
# Java VM: OpenJDK 64-Bit Server VM (25.152-b02 mixed mode windows-amd64 compressed oops)
Heap:
 PSYoungGen      total 176128K, used 16368K [0x00000000e0000000, 0x00000000ef100000, 0x0000000100000000)
  eden space 159744K, 0% used [0x00000000e0000000,0x00000000e0000000,0x00000000e9c00000)
  from space 16384K, 99% used [0x00000000e9c00000,0x00000000eabfc150,0x00000000eac00000)
  to   space 33280K, 0% used [0x00000000ed080000,0x00000000ed080000,0x00000000ef100000)
 ParOldGen       total 154112K, used 136382K [0x00000000a0000000, 0x00000000a9680000, 0x00000000e0000000)
  object space 154112K, 88% used [0x00000000a0000000,0x00000000a852fa68,0x00000000a9680000)
 Metaspace       used 87529K, capacity 94932K, committed 95064K, reserved 1132544K
  class space    used 11113K, capacity 12382K, committed 12416K, reserved 1048576K
GC Heap History (10 events):
Event: 22066.115 GC heap after
Heap after GC invocations=106 (full 3):
 PSYoungGen      total 139264K, used 192K [0x00000000e0000000, 0x00000000ea980000, 0x0000000100000000)
  eden space 123904K, 0% used [0x00000000e0000000,0x00000000e0000000,0x00000000e7900000)
  from space 15360K, 1% used [0x00000000e7900000,0x00000000e7930000,0x00000000e8800000)
  to   space 15872K, 0% used [0x00000000e9a00000,0x00000000e9a00000,0x00000000ea980000)
 ParOldGen       total 154112K, used 92542K [0x00000000a0000000, 0x00000000a9680000, 0x00000000e0000000)
  object space 154112K, 60% used [0x00000000a0000000,0x00000000a5a5f928,0x00000000a9680000)
 Metaspace       used 86594K, capacity 93886K, committed 94168K, reserved 1130496K
  class space    used 11021K, capacity 12235K, committed 12288K, reserved 1048576K
}
Event: 22066.133 GC heap before
{Heap before GC invocations=107 (full 3):
 PSYoungGen      total 139264K, used 123318K [0x00000000e0000000, 0x00000000ea980000, 0x0000000100000000)
  eden space 123904K, 99% used [0x00000000e0000000,0x00000000e783da88,0x00000000e7900000)
  from space 15360K, 1% used [0x00000000e7900000,0x00000000e7930000,0x00000000e8800000)
  to   space 15872K, 0% used [0x00000000e9a00000,0x00000000e9a00000,0x00000000ea980000)
 ParOldGen       total 154112K, used 92542K [0x00000000a0000000, 0x00000000a9680000, 0x00000000e0000000)
  object space 154112K, 60% used [0x00000000a0000000,0x00000000a5a5f928,0x00000000a9680000)
 Metaspace       used 86594K, capacity 93886K, committed 94168K, reserved 1130496K
  class space    used 11021K, capacity 12235K, committed 12288K, reserved 1048576K
Event: 22066.136 GC heap after
Heap after GC invocations=107 (full 3):
 PSYoungGen      total 157184K, used 160K [0x00000000e0000000, 0x00000000eac00000, 0x0000000100000000)
  eden space 141312K, 0% used [0x00000000e0000000,0x00000000e0000000,0x00000000e8a00000)
  from space 15872K, 1% used [0x00000000e9a00000,0x00000000e9a28000,0x00000000ea980000)
  to   space 16384K, 0% used [0x00000000e8a00000,0x00000000e8a00000,0x00000000e9a00000)
 ParOldGen       total 154112K, used 92574K [0x00000000a0000000, 0x00000000a9680000, 0x00000000e0000000)
  object space 154112K, 60% used [0x00000000a0000000,0x00000000a5a67928,0x00000000a9680000)
 Metaspace       used 86594K, capacity 93886K, committed 94168K, reserved 1130496K
  class space    used 11021K, capacity 12235K, committed 12288K, reserved 1048576K
}
Event: 22111.066 GC heap before
{Heap before GC invocations=108 (full 3):
 PSYoungGen      total 157184K, used 141459K [0x00000000e0000000, 0x00000000eac00000, 0x0000000100000000)
  eden space 141312K, 99% used [0x00000000e0000000,0x00000000e89fcea0,0x00000000e8a00000)
  from space 15872K, 1% used [0x00000000e9a00000,0x00000000e9a28000,0x00000000ea980000)
  to   space 16384K, 0% used [0x00000000e8a00000,0x00000000e8a00000,0x00000000e9a00000)
 ParOldGen       total 154112K, used 92574K [0x00000000a0000000, 0x00000000a9680000, 0x00000000e0000000)
  object space 154112K, 60% used [0x00000000a0000000,0x00000000a5a67928,0x00000000a9680000)
 Metaspace       used 87276K, capacity 94652K, committed 94808K, reserved 1132544K
  class space    used 11096K, capacity 12374K, committed 12416K, reserved 1048576K
Event: 22111.073 GC heap after
Heap after GC invocations=108 (full 3):
 PSYoungGen      total 157696K, used 8898K [0x00000000e0000000, 0x00000000ebe00000, 0x0000000100000000)
  eden space 141312K, 0% used [0x00000000e0000000,0x00000000e0000000,0x00000000e8a00000)
  from space 16384K, 54% used [0x00000000e8a00000,0x00000000e92b0ad8,0x00000000e9a00000)
  to   space 16384K, 0% used [0x00000000eae00000,0x00000000eae00000,0x00000000ebe00000)
 ParOldGen       total 154112K, used 92638K [0x00000000a0000000, 0x00000000a9680000, 0x00000000e0000000)
  object space 154112K, 60% used [0x00000000a0000000,0x00000000a5a77928,0x00000000a9680000)
 Metaspace       used 87276K, capacity 94652K, committed 94808K, reserved 1132544K
  class space    used 11096K, capacity 12374K, committed 12416K, reserved 1048576K
}
Event: 22113.842 GC heap before
{Heap before GC invocations=109 (full 3):
 PSYoungGen      total 157696K, used 149425K [0x00000000e0000000, 0x00000000ebe00000, 0x0000000100000000)
  eden space 141312K, 99% used [0x00000000e0000000,0x00000000e893b938,0x00000000e8a00000)
  from space 16384K, 54% used [0x00000000e8a00000,0x00000000e92b0ad8,0x00000000e9a00000)
  to   space 16384K, 0% used [0x00000000eae00000,0x00000000eae00000,0x00000000ebe00000)
 ParOldGen       total 154112K, used 92638K [0x00000000a0000000, 0x00000000a9680000, 0x00000000e0000000)
  object space 154112K, 60% used [0x00000000a0000000,0x00000000a5a77928,0x00000000a9680000)
 Metaspace       used 87394K, capacity 94740K, committed 95064K, reserved 1132544K
  class space    used 11112K, capacity 12382K, committed 12416K, reserved 1048576K
Event: 22113.852 GC heap after
Heap after GC invocations=109 (full 3):
 PSYoungGen      total 174080K, used 1120K [0x00000000e0000000, 0x00000000ebc00000, 0x0000000100000000)
  eden space 159744K, 0% used [0x00000000e0000000,0x00000000e0000000,0x00000000e9c00000)
  from space 14336K, 7% used [0x00000000eae00000,0x00000000eaf18060,0x00000000ebc00000)
  to   space 16384K, 0% used [0x00000000e9c00000,0x00000000e9c00000,0x00000000eac00000)
 ParOldGen       total 154112K, used 97394K [0x00000000a0000000, 0x00000000a9680000, 0x00000000e0000000)
  object space 154112K, 63% used [0x00000000a0000000,0x00000000a5f1ca40,0x00000000a9680000)
 Metaspace       used 87394K, capacity 94740K, committed 95064K, reserved 1132544K
  class space    used 11112K, capacity 12382K, committed 12416K, reserved 1048576K
}
Event: 22115.188 GC heap before
{Heap before GC invocations=110 (full 3):
 PSYoungGen      total 174080K, used 160001K [0x00000000e0000000, 0x00000000ebc00000, 0x0000000100000000)
  eden space 159744K, 99% used [0x00000000e0000000,0x00000000e9b286a0,0x00000000e9c00000)
  from space 14336K, 7% used [0x00000000eae00000,0x00000000eaf18060,0x00000000ebc00000)
  to   space 16384K, 0% used [0x00000000e9c00000,0x00000000e9c00000,0x00000000eac00000)
 ParOldGen       total 154112K, used 97394K [0x00000000a0000000, 0x00000000a9680000, 0x00000000e0000000)
  object space 154112K, 63% used [0x00000000a0000000,0x00000000a5f1ca40,0x00000000a9680000)
 Metaspace       used 87529K, capacity 94932K, committed 95064K, reserved 1132544K
  class space    used 11113K, capacity 12382K, committed 12416K, reserved 1048576K
Event: 22115.233 GC heap after
Heap after GC invocations=110 (full 3):
 PSYoungGen      total 176128K, used 16368K [0x00000000e0000000, 0x00000000ef100000, 0x0000000100000000)
  eden space 159744K, 0% used [0x00000000e0000000,0x00000000e0000000,0x00000000e9c00000)
  from space 16384K, 99% used [0x00000000e9c00000,0x00000000eabfc150,0x00000000eac00000)
  to   space 33280K, 0% used [0x00000000ed080000,0x00000000ed080000,0x00000000ef100000)
 ParOldGen       total 154112K, used 136382K [0x00000000a0000000, 0x00000000a9680000, 0x00000000e0000000)
  object space 154112K, 88% used [0x00000000a0000000,0x00000000a852fa68,0x00000000a9680000)
 Metaspace       used 87529K, capacity 94932K, committed 95064K, reserved 1132544K
  class space    used 11113K, capacity 12382K, committed 12416K, reserved 1048576K
}
Event: 22115.233 GC heap before
{Heap before GC invocations=111 (full 4):
 PSYoungGen      total 176128K, used 16368K [0x00000000e0000000, 0x00000000ef100000, 0x0000000100000000)
  eden space 159744K, 0% used [0x00000000e0000000,0x00000000e0000000,0x00000000e9c00000)
  from space 16384K, 99% used [0x00000000e9c00000,0x00000000eabfc150,0x00000000eac00000)
  to   space 33280K, 0% used [0x00000000ed080000,0x00000000ed080000,0x00000000ef100000)
 ParOldGen       total 154112K, used 136382K [0x00000000a0000000, 0x00000000a9680000, 0x00000000e0000000)
  object space 154112K, 88% used [0x00000000a0000000,0x00000000a852fa68,0x00000000a9680000)
 Metaspace       used 87529K, capacity 94932K, committed 95064K, reserved 1132544K
  class space    used 11113K, capacity 12382K, committed 12416K, reserved 1048576K

